webdriver/1592433997082	mozrunner::runner	INFO	Running command: "C:\\Program Files\\Mozilla Firefox\\firefox.exe" "-marionette" "-foreground" "-no-remote" "-profile" "C:\\Users\\wey\\AppData\\Local\\Temp\\rust_mozprofile5L8LxR"
JavaScript error: resource://gre/modules/XULStore.jsm, line 66: Error: Can't find profile directory.
1592434000670	Marionette	INFO	Listening on port 56427
1592434000697	Marionette	WARN	TLS certificate errors will be ignored for this session
1592434020342	Marionette	INFO	Stopped listening on port 56427

###!!! [Child][RunMessage] Error: Channel closing: too late to send/recv, messages will be lost


###!!! [Child][MessageChannel::SendAndWait] Error: Channel error: cannot send/recv

1592434057088	mozrunner::runner	INFO	Running command: "C:\\Program Files\\Mozilla Firefox\\firefox.exe" "-marionette" "-foreground" "-no-remote" "-profile" "C:\\Users\\wey\\AppData\\Local\\Temp\\rust_mozprofileNW3nKY"
JavaScript error: resource://gre/modules/XULStore.jsm, line 66: Error: Can't find profile directory.
1592434059987	Marionette	INFO	Listening on port 56473
1592434060207	Marionette	WARN	TLS certificate errors will be ignored for this session
1592434063290	Marionette	INFO	Stopped listening on port 56473

###!!! [Child][RunMessage] Error: Channel closing: too late to send/recv, messages will be lost


###!!! [Child][RunMessage] Error: Channel closing: too late to send/recv, messages will be lost


###!!! [Child][RunMessage] Error: Channel closing: too late to send/recv, messages will be lost


###!!! [Child][MessageChannel::SendAndWait] Error: Channel error: cannot send/recv

1592434281562	mozrunner::runner	INFO	Running command: "C:\\Program Files\\Mozilla Firefox\\firefox.exe" "-marionette" "-foreground" "-no-remote" "-profile" "C:\\Users\\wey\\AppData\\Local\\Temp\\rust_mozprofilech63Qc"
JavaScript error: resource://gre/modules/XULStore.jsm, line 66: Error: Can't find profile directory.
1592434284345	Marionette	INFO	Listening on port 56638
1592434284679	Marionette	WARN	TLS certificate errors will be ignored for this session
1592434298172	Marionette	INFO	Stopped listening on port 56638

###!!! [Child][RunMessage] Error: Channel closing: too late to send/recv, messages will be lost


###!!! [Child][MessageChannel::SendAndWait] Error: Channel error: cannot send/recv

1592435013204	mozrunner::runner	INFO	Running command: "C:\\Program Files\\Mozilla Firefox\\firefox.exe" "-marionette" "-foreground" "-no-remote" "-profile" "C:\\Users\\wey\\AppData\\Local\\Temp\\rust_mozprofilexT8j1n"
JavaScript error: resource://gre/modules/XULStore.jsm, line 66: Error: Can't find profile directory.
1592435016050	Marionette	INFO	Listening on port 57064
1592435016318	Marionette	WARN	TLS certificate errors will be ignored for this session
console.error: "Store does not have a valid reducer. Make sure the argument passed to combineReducers is an object whose values are reducers."
1592435094871	Marionette	INFO	Stopped listening on port 57064

###!!! [Child][RunMessage] Error: Channel closing: too late to send/recv, messages will be lost


###!!! [Child][MessageChannel::SendAndWait] Error: Channel error: cannot send/recv

1592435157628	mozrunner::runner	INFO	Running command: "C:\\Program Files\\Mozilla Firefox\\firefox.exe" "-marionette" "-foreground" "-no-remote" "-profile" "C:\\Users\\wey\\AppData\\Local\\Temp\\rust_mozprofilezhybRN"
JavaScript error: resource://gre/modules/XULStore.jsm, line 66: Error: Can't find profile directory.
[Parent 9680, Gecko_IOThread] WARNING: file /builds/worker/checkouts/gecko/ipc/chromium/src/base/process_util_win.cc, line 166
1592435160571	Marionette	INFO	Listening on port 57216
1592435160741	Marionette	WARN	TLS certificate errors will be ignored for this session
JavaScript error: https://www.gstatic.com/_/mss/boq-one-google/_/js/k=boq-one-google.OneGoogleWidgetUi.en.yAmPQq2arXk.es5.O/am=JA/d=1/excm=_b,_tp,appwidgetnoauthview/ed=1/dg=0/wt=2/ct=zgms/rs=AM-SdHvAmAW6z1sSQUynxo8h9fc-PP5TMg/m=_b,_tp, line 407: NS_ERROR_NOT_INITIALIZED: 

###!!! [Child][RunMessage] Error: Channel closing: too late to send/recv, messages will be lost

1592435185425	Marionette	INFO	Stopped listening on port 57216

###!!! [Child][RunMessage] Error: Channel closing: too late to send/recv, messages will be lost


###!!! [Child][MessageChannel::SendAndWait] Error: Channel error: cannot send/recv

1592435268077	mozrunner::runner	INFO	Running command: "C:\\Program Files\\Mozilla Firefox\\firefox.exe" "-marionette" "-foreground" "-no-remote" "-profile" "C:\\Users\\wey\\AppData\\Local\\Temp\\rust_mozprofile1v1FiD"
JavaScript error: resource://gre/modules/XULStore.jsm, line 66: Error: Can't find profile directory.
1592435271006	Marionette	INFO	Listening on port 57362
1592435271191	Marionette	WARN	TLS certificate errors will be ignored for this session
console.warn: LoginRecipes: "getRecipes: falling back to a synchronous message for:" "https://translate.google.com"
console.error: "Store does not have a valid reducer. Make sure the argument passed to combineReducers is an object whose values are reducers."
console.warn: LoginRecipes: "getRecipes: falling back to a synchronous message for:" "https://translate.google.com"
JavaScript error: resource://devtools/shared/protocol/Front.js, line 77: Error: Connection closed, pending request to server0.conn0.child2/domnode88, type modifyAttributes failed

Request stack:
request@resource://devtools/shared/protocol/Front.js:256:14
generateRequestMethods/</frontProto[name]@resource://devtools/shared/protocol/Front/FrontClassWithSpec.js:47:19
apply@resource://devtools/client/fronts/node.js:70:27
_createAttribute/done/<@resource://devtools/client/inspector/markup/views/element-editor.js:605:20
do@resource://devtools/client/shared/undo.js:70:16
endBatch@resource://devtools/client/shared/undo.js:81:11
do@resource://devtools/client/shared/undo.js:94:10
done@resource://devtools/client/inspector/markup/views/element-editor.js:603:29
_apply@resource://devtools/client/shared/inplace-editor.js:1039:19
_onBlur@resource://devtools/client/shared/inplace-editor.js:1070:12


###!!! [Child][RunMessage] Error: Channel closing: too late to send/recv, messages will be lost

1592435452562	Marionette	INFO	Stopped listening on port 57362

###!!! [Child][RunMessage] Error: Channel closing: too late to send/recv, messages will be lost


###!!! [Child][MessageChannel::SendAndWait] Error: Channel error: cannot send/recv

1592435457602	mozrunner::runner	INFO	Running command: "C:\\Program Files\\Mozilla Firefox\\firefox.exe" "-marionette" "-foreground" "-no-remote" "-profile" "C:\\Users\\wey\\AppData\\Local\\Temp\\rust_mozprofilexZSNeS"
JavaScript error: resource://gre/modules/XULStore.jsm, line 66: Error: Can't find profile directory.

###!!! [Child][RunMessage] Error: Channel closing: too late to send/recv, messages will be lost

1592435460612	Marionette	INFO	Listening on port 57608
1592435460715	Marionette	WARN	TLS certificate errors will be ignored for this session
JavaScript error: resource://gre/modules/NetworkGeolocationProvider.jsm, line 555: TypeError: xhr.response.location is undefined
1592435506818	Marionette	INFO	Stopped listening on port 57608

###!!! [Child][RunMessage] Error: Channel closing: too late to send/recv, messages will be lost


###!!! [Child][MessageChannel::SendAndWait] Error: Channel error: cannot send/recv

1592435516096	mozrunner::runner	INFO	Running command: "C:\\Program Files\\Mozilla Firefox\\firefox.exe" "-marionette" "-foreground" "-no-remote" "-profile" "C:\\Users\\wey\\AppData\\Local\\Temp\\rust_mozprofileQkxf8u"
JavaScript error: resource://gre/modules/XULStore.jsm, line 66: Error: Can't find profile directory.
1592435519131	Marionette	INFO	Listening on port 57707
1592435519216	Marionette	WARN	TLS certificate errors will be ignored for this session
JavaScript error: resource://gre/modules/NetworkGeolocationProvider.jsm, line 555: TypeError: xhr.response.location is undefined
JavaScript error: chrome://marionette/content/proxy.js, line 222: TypeError: this.browser.driver.dialogObserver is null
1592435620001	Marionette	INFO	Stopped listening on port 57707

###!!! [Child][MessageChannel::SendAndWait] Error: Channel error: cannot send/recv

 line 66: Error: Can't find profile directory.
1592435576862	Marionette	INFO	Listening on port 57838
1592435576879	Marionette	WARN	TLS certificate errors will be ignored for this session
1592435616809	Marionette	INFO	Stopped listening on port 57838

###!!! [Child][RunMessage] Error: Channel closing: too late to send/recv, messages will be lost


###!!! [Child][MessageChannel::SendAndWait] Error: Channel error: cannot send/recv

1592435717711	mozrunner::runner	INFO	Running command: "C:\\Program Files\\Mozilla Firefox\\firefox.exe" "-marionette" "-foreground" "-no-remote" "-profile" "C:\\Users\\wey\\AppData\\Local\\Temp\\rust_mozprofilenQfFiC"
JavaScript error: resource://gre/modules/XULStore.jsm, line 66: Error: Can't find profile directory.
1592435720342	Marionette	INFO	Listening on port 58145
1592435720824	Marionette	WARN	TLS certificate errors will be ignored for this session
[Child 15808, Chrome_ChildThread] WARNING: pipe error: 232: file /builds/worker/checkouts/gecko/ipc/chromium/src/chrome/common/ipc_channel_win.cc, line 522
[Child 15808, Chrome_ChildThread] WARNING: pipe error: 232: file /builds/worker/checkouts/gecko/ipc/chromium/src/chrome/common/ipc_channel_win.cc, line 522
1592435891843	Marionette	INFO	Stopped listening on port 58145

###!!! [Child][RunMessage] Error: Channel closing: too late to send/recv, messages will be lost


###!!! [Child][MessageChannel::SendAndWait] Error: Channel error: cannot send/recv

gnored for this session
console.warn: LoginRecipes: "getRecipes: falling back to a synchronous message for:" "https://translate.google.com"
console.error: "Store does not have a valid reducer. Make sure the argument passed to combineReducers is an object whose values are reducers."

###!!! [Child][MessageChannel] Error: (msgtype=0x59000D,name=PHttpChannel::Msg_DeletingChannel) Channel closing: too late to send/recv, messages will be lost


###!!! [Child][RunMessage] Error: Channel closing: too late to send/recv, messages will be lost

1592436766612	Marionette	INFO	Stopped listening on port 58308

###!!! [Child][RunMessage] Error: Channel closing: too late to send/recv, messages will be lost


###!!! [Child][MessageChannel::SendAndWait] Error: Channel error: cannot send/recv

ild.jsm, line 196: Error: Invalid autocomplete selectedIndex
1592435988488	Marionette	INFO	Stopped listening on port 58470

###!!! [Child][MessageChannel] Error: (msgtype=0x6A0029,name=PNecko::Msg_RemoveRequestContext) Channel closing: too late to send/recv, messages will be lost


###!!! [Child][RunMessage] Error: Channel closing: too late to send/recv, messages will be lost


###!!! [Child][RunMessage] Error: Channel closing: too late to send/recv, messages will be lost


###!!! [Child][RunMessage] Error: Channel closing: too late to send/recv, messages will be lost


###!!! [Child][MessageChannel::SendAndWait] Error: Channel error: cannot send/recv

1592436055697	mozrunner::runner	INFO	Running command: "C:\\Program Files\\Mozilla Firefox\\firefox.exe" "-marionette" "-foreground" "-no-remote" "-profile" "C:\\Users\\wey\\AppData\\Local\\Temp\\rust_mozprofileDvVv4w"
JavaScript error: resource://gre/modules/XULStore.jsm, line 66: Error: Can't find profile directory.
1592436058346	Marionette	INFO	Listening on port 58594
1592436058811	Marionette	WARN	TLS certificate errors will be ignored for this session
JavaScript error: resource://gre/actors/AutoCompleteChild.jsm, line 196: Error: Invalid autocomplete selectedIndex
1592436075179	Marionette	INFO	Stopped listening on port 58594

###!!! [Child][MessageChannel] Error: (msgtype=0x59000D,name=PHttpChannel::Msg_DeletingChannel) Channel closing: too late to send/recv, messages will be lost


###!!! [Child][MessageChannel] Error: (msgtype=0x59000D,name=PHttpChannel::Msg_DeletingChannel) Channel closing: too late to send/recv, messages will be lost


###!!! [Child][MessageChannel] Error: (msgtype=0x59000D,name=PHttpChannel::Msg_DeletingChannel) Channel closing: too late to send/recv, messages will be lost


###!!! [Child][RunMessage] Error: Channel closing: too late to send/recv, messages will be lost


###!!! [Child][MessageChannel::SendAndWait] Error: Channel error: cannot send/recv

1592436731457	mozrunner::runner	INFO	Running command: "C:\\Program Files\\Mozilla Firefox\\firefox.exe" "-marionette" "-foreground" "-no-remote" "-profile" "C:\\Users\\wey\\AppData\\Local\\Temp\\rust_mozprofileuO4iY0"
JavaScript error: resource://gre/modules/XULStore.jsm, line 66: Error: Can't find profile directory.
1592436734365	Marionette	INFO	Listening on port 59080
1592436734574	Marionette	WARN	TLS certificate errors will be ignored for this session
1592436769351	Marionette	INFO	Stopped listening on port 59080

###!!! [Child][RunMessage] Error: Channel closing: too late to send/recv, messages will be lost


###!!! [Child][MessageChannel::SendAndWait] Error: Channel error: cannot send/recv

1592437015262	mozrunner::runner	INFO	Running command: "C:\\Program Files\\Mozilla Firefox\\firefox.exe" "-marionette" "-foreground" "-no-remote" "-profile" "C:\\Users\\wey\\AppData\\Local\\Temp\\rust_mozprofileym8vQJ"
JavaScript error: resource://gre/modules/XULStore.jsm, line 66: Error: Can't find profile directory.
1592437017978	Marionette	INFO	Listening on port 59286
1592437018380	Marionette	WARN	TLS certificate errors will be ignored for this session
console.error: "Store does not have a valid reducer. Make sure the argument passed to combineReducers is an object whose values are reducers."

###!!! [Child][RunMessage] Error: Channel closing: too late to send/recv, messages will be lost

1592437783299	Marionette	INFO	Stopped listening on port 59286

###!!! [Child][MessageChannel::SendAndWait] Error: Channel error: cannot send/recv

odules/XULStore.jsm, line 66: Error: Can't find profile directory.
1592437737028	Marionette	INFO	Listening on port 59729
1592437737433	Marionette	WARN	TLS certificate errors will be ignored for this session
JavaScript error: resource://gre/modules/NetworkGeolocationProvider.jsm, line 555: TypeError: xhr.response.location is undefined
JavaScript error: resource://gre/modules/NetworkGeolocationProvider.jsm, line 555: TypeError: xhr.response.location is undefined

###!!! [Child][MessageChannel] Error: (msgtype=0x59000D,name=PHttpChannel::Msg_DeletingChannel) Channel closing: too late to send/recv, messages will be lost

1592437783514	Marionette	INFO	Stopped listening on port 59729

###!!! [Child][RunMessage] Error: Channel closing: too late to send/recv, messages will be lost


###!!! [Child][MessageChannel::SendAndWait] Error: Channel error: cannot send/recv

1592437787696	mozrunner::runner	INFO	Running command: "C:\\Program Files\\Mozilla Firefox\\firefox.exe" "-marionette" "-foreground" "-no-remote" "-profile" "C:\\Users\\wey\\AppData\\Local\\Temp\\rust_mozprofileTwnwLC"
JavaScript error: resource://gre/modules/XULStore.jsm, line 66: Error: Can't find profile directory.
1592437790329	Marionette	INFO	Listening on port 59871
1592437790816	Marionette	WARN	TLS certificate errors will be ignored for this session
console.error: "Store does not have a valid reducer. Make sure the argument passed to combineReducers is an object whose values are reducers."
console.error: "Store does not have a valid reducer. Make sure the argument passed to combineReducers is an object whose values are reducers."
JavaScript error: resource://devtools/client/shared/widgets/tooltip/HTMLTooltip.js, line 985: TypeError: this.doc is null
console.error: "Store does not have a valid reducer. Make sure the argument passed to combineReducers is an object whose values are reducers."
console.error: "Error while calling actor 'stylesheet's method 'getText'" "sheet.ownerNode is null"
console.error: "getSheetText@resource://devtools/server/actors/stylesheets.js:153:21\n_getText@resource://devtools/server/actors/stylesheets.js:503:12\ngetText@resource://devtools/server/actors/stylesheets.js:486:17\nhandler@resource://devtools/shared/protocol/Actor.js:154:37\nonPacket@resource://devtools/server/devtools-server-connection.js:380:58\nreceiveMessage@resource://devtools/shared/transport/child-transport.js:66:16\n"
console.error: (new Error("Protocol error (unknownError): sheet.ownerNode is null from: server0.conn2.child2/stylesheet375", "resource://devtools/shared/protocol/Front.js", 319))
JavaScript error: resource://devtools/shared/protocol/Front.js, line 319: Error: Protocol error (unknownError): sheet.ownerNode is null from: server0.conn2.child2/stylesheet375
console.error: "Task cancelled"

###!!! [Child][RunMessage] Error: Channel closing: too late to send/recv, messages will be lost

1592438615049	Marionette	INFO	Stopped listening on port 59871

###!!! [Child][RunMessage] Error: Channel closing: too late to send/recv, messages will be lost


###!!! [Child][MessageChannel::SendAndWait] Error: Channel error: cannot send/recv

essageChannel::SendAndWait] Error: Channel error: cannot send/recv

1592438620932	mozrunner::runner	INFO	Running command: "C:\\Program Files\\Mozilla Firefox\\firefox.exe" "-marionette" "-foreground" "-no-remote" "-profile" "C:\\Users\\wey\\AppData\\Local\\Temp\\rust_mozprofileoSQFFY"
JavaScript error: resource://gre/modules/XULStore.jsm, line 66: Error: Can't find profile directory.
1592438623582	Marionette	INFO	Listening on port 60639
1592438624049	Marionette	WARN	TLS certificate errors will be ignored for this session
1592438632553	Marionette	INFO	Stopped listening on port 60639

###!!! [Child][MessageChannel] Error: (msgtype=0x59000D,name=PHttpChannel::Msg_DeletingChannel) Channel closing: too late to send/recv, messages will be lost


###!!! [Child][RunMessage] Error: Channel closing: too late to send/recv, messages will be lost


###!!! [Child][RunMessage] Error: Channel closing: too late to send/recv, messages will be lost


###!!! [Child][MessageChannel::SendAndWait] Error: Channel error: cannot send/recv

1592438855731	mozrunner::runner	INFO	Running command: "C:\\Program Files\\Mozilla Firefox\\firefox.exe" "-marionette" "-foreground" "-no-remote" "-profile" "C:\\Users\\wey\\AppData\\Local\\Temp\\rust_mozprofileRY6EAF"
JavaScript error: resource://gre/modules/XULStore.jsm, line 66: Error: Can't find profile directory.
1592438858559	Marionette	INFO	Listening on port 60827
1592438858878	Marionette	WARN	TLS certificate errors will be ignored for this session

###!!! [Child][RunMessage] Error: Channel closing: too late to send/recv, messages will be lost

1592439537638	Marionette	INFO	Stopped listening on port 60827

###!!! [Child][RunMessage] Error: Channel closing: too late to send/recv, messages will be lost


###!!! [Child][MessageChannel::SendAndWait] Error: Channel error: cannot send/recv

tening on port 60941
1592438933345	Marionette	WARN	TLS certificate errors will be ignored for this session

###!!! [Child][MessageChannel] Error: (msgtype=0x6A0029,name=PNecko::Msg_RemoveRequestContext) Channel closing: too late to send/recv, messages will be lost

1592439537705	Marionette	INFO	Stopped listening on port 60941

###!!! [Child][MessageChannel::SendAndWait] Error: Channel error: cannot send/recv

tory.
1592439272824	Marionette	INFO	Listening on port 61183
1592439273162	Marionette	WARN	TLS certificate errors will be ignored for this session

###!!! [Child][MessageChannel] Error: (msgtype=0x6A0029,name=PNecko::Msg_RemoveRequestContext) Channel closing: too late to send/recv, messages will be lost

1592439537673	Marionette	INFO	Stopped listening on port 61183

###!!! [Child][RunMessage] Error: Channel closing: too late to send/recv, messages will be lost


###!!! [Child][MessageChannel::SendAndWait] Error: Channel error: cannot send/recv

ficate errors will be ignored for this session
1592439318509	Marionette	INFO	Stopped listening on port 61271

###!!! [Child][RunMessage] Error: Channel closing: too late to send/recv, messages will be lost


###!!! [Child][MessageChannel::SendAndWait] Error: Channel error: cannot send/recv

1592439878572	mozrunner::runner	INFO	Running command: "C:\\Program Files\\Mozilla Firefox\\firefox.exe" "-marionette" "-foreground" "-no-remote" "-profile" "C:\\Users\\wey\\AppData\\Local\\Temp\\rust_mozprofilesOAAHe"
JavaScript error: resource://gre/modules/XULStore.jsm, line 66: Error: Can't find profile directory.
1592439881841	Marionette	INFO	Listening on port 61554
1592439882186	Marionette	WARN	TLS certificate errors will be ignored for this session
1592439920462	Marionette	INFO	Stopped listening on port 61554

###!!! [Child][RunMessage] Error: Channel closing: too late to send/recv, messages will be lost


###!!! [Child][MessageChannel::SendAndWait] Error: CJavaScript error: resource://gre/modules/XULStore.jsm, line 66: Error: Can't find profile directory.
1592439923540	Marionette	INFO	Listening on port 61626
1592439923751	Marionette	WARN	TLS certificate errors will be ignored for this session
1592440528802	Marionette	INFO	Stopped listening on port 61626

###!!! [Child][RunMessage] Error: Channel closing: too late to send/recv, messages will be lost


###!!! [Child][MessageChannel::SendAndWait] Error: Channel error: cannot send/recv

odules/XULStore.jsm, line 66: Error: Can't find profile directory.
1592440388402	Marionette	INFO	Listening on port 61765
1592440388818	Marionette	WARN	TLS certificate errors will be ignored for this session
1592440529037	mozrunner::runner	INFO	Running command: "C:\\Program Files\\Mozilla Firefox\\firefox.exe" "-marionette" "-foreground" "-no-remote" "-profile" "C:\\Users\\wey\\AppData\\Local\\Temp\\rust_mozprofileZJBHJD"
JavaScript error: resource://gre/modules/XULStore.jsm, line 66: Error: Can't find profile directory.
1592440531325	Marionette	INFO	Listening on port 61875
1592440531656	Marionette	WARN	TLS certificate errors will be ignored for this session

###!!! [Child][RunMessage] Error: Channel closing: too late to send/recv, messages will be lost

1592440582876	Marionette	INFO	Stopped listening on port 61875

###!!! [Child][RunMessage] Error: Channel closing: too late to send/recv, messages will be lost


###!!! [Child][MessageChannel::SendAndWait] Error: Ch1592440584213	Marionette	INFO	Listening on port 61960
1592440584337	Marionette	WARN	TLS certificate errors will be ignored for this session
1592440593533	Marionette	INFO	Stopped listening on port 61960

###!!! [Child][MessageChannel] Error: (msgtype=0x59000D,name=PHttpChannel::Msg_DeletingChannel) Channel closing: too late to send/recv, messages will be lost


###!!! [Child][MessageChannel] Error: (msgtype=0x59000D,name=PHttpChannel::Msg_DeletingChannel) Channel closing: too late to send/recv, messages will be lost


###!!! [Child][RunMessage] Error: Channel closing: too late to send/recv, messages will be lost


###!!! [Child][MessageChannel::SendAndWait] Error: Channel error: cannot send/recv

1592440619639	mozrunner::runner	INFO	Running command: "C:\\Program Files\\Mozilla Firefox\\firefox.exe" "-marionette" "-foreground" "-no-remote" "-profile" "C:\\Users\\wey\\AppData\\Local\\Temp\\rust_mozprofileijvW2b"
JavaScript error: resource://gre/modules/XULStore.jsm, line 66: Error: Can't find profile directory.
1592440622421	Marionette	INFO	Listening on port 62030
1592440622750	Marionette	WARN	TLS certificate errors will be ignored for this session
1592440630560	Marionette	INFO	Stopped listening on port 62030

###!!! [Child][MessageChannel] Error: (msgtype=0x59000D,name=PHttpChannel::Msg_DeletingChannel) Channel closing: too late to send/recv, messages will be lost


###!!! [Child][MessageChannel] Error: (msgtype=0x59000D,name=PHttpChannel::Msg_DeletingChannel) Channel closing: too late to send/recv, messages will be lost


###!!! [Child][RunMessage] Error: Channel closing: too late to send/recv, messages will be lost


###!!! [Child][MessageChannel::SendAndWait] Error: Channel error: cannot send/recv

1592440650557	mozrunner::runner	INFO	Running command: "C:\\Program Files\\Mozilla Firefox\\firefox.exe" "-marionette" "-foreground" "-no-remote" "-profile" "C:\\Users\\wey\\AppData\\Local\\Temp\\rust_mozprofilezXC3GX"
JavaScript error: resource://gre/modules/XULStore.jsm, line 66: Error: Can't find profile directory.
1592440653289	Marionette	INFO	Listening on port 62102
1592440653672	Marionette	WARN	TLS certificate errors will be ignored for this session
1592440672947	Marionette	INFO	Stopped listening on port 62102
JavaScript error: resource://gre/modules/UrlClassifierListManager.jsm, line 691: TypeError: this.tablesData[table] is undefined

###!!! [Child][RunMessage] Error: Channel closing: too late to send/recv, messages will be lost


###!!! [Child][MessageChannel::SendAndWait] Error: Channel error: cannot send/recv

1592440975720	mozrunner::runner	INFO	Running command: "C:\\Program Files\\Mozilla Firefox\\firefox.exe" "-marionette" "-foreground" "-no-remote" "-profile" "C:\\Users\\wey\\AppData\\Local\\Temp\\rust_mozprofileHDB0sa"
JavaScript error: resource://gre/modules/XULStore.jsm, line 66: Error: Can't find profile directory.
1592440978659	Marionette	INFO	Listening on port 62233
1592440978840	Marionette	WARN	TLS certificate errors will be ignored for this session

###!!! [Child][MessageChannel] Error: (msgtype=0x59000D,name=PHttpChannel::Msg_DeletingChannel) Channel closing: too late to send/recv, messages will be lost


###!!! [Child][MessageChannel] Error: (msgtype=0x380131,name=PContent::Msg_ScriptError) Channel closing: too late to send/recv, messages will be lost


###!!! [Child][RunMessage] Error: Channel closing: too late to send/recv, messages will be lost


###!!! [Child][MessageChannel] Error: (msgtype=0x380131,name=PContent::Msg_ScriptError) Channel closing: too late to send/recv, messages will be lost


###!!! [Child][RunMessage] Error: Channel closing: too late to send/recv, messages will be lost


###!!! [Child][MessageChannel] Error: (msgtype=0x380131,name=PContent::Msg_ScriptError) Channel closing: too late to send/recv, messages will be lost


###!!! [Child][RunMessage] Error: Channel closing: too late to send/recv, messages will be lost


###!!! [Child][MessageChannel] Error: (msgtype=0x380131,name=PContent::Msg_ScriptError) Channel closing: too late to send/recv, messages will be lost


###!!! [Child][RunMessage] Error: Channel closing: too late to send/recv, messages will be lost


###!!! [Child][RunMessage] Error: Channel closing: too late to send/recv, messages will be lost

1592440985457	Marionette	INFO	Stopped listening on port 62233

###!!! [Child][RunMessage] Error: Channel closing: too late to send/recv, messages will be lost


###!!! [Child][MessageChannel::SendAndWait] Error: Channel error: cannot send/recv

1592441384493	mozrunner::runner	INFO	Running command: "C:\\Program Files\\Mozilla Firefox\\firefox.exe" "-marionette" "-foreground" "-no-remote" "-profile" "C:\\Users\\wey\\AppData\\Local\\Temp\\rust_mozprofile5I1Dxg"
JavaScript error: resource://gre/modules/XULStore.jsm, line 66: Error: Can't find profile directory.
1592441387150	Marionette	INFO	Listening on port 62370
1592441387615	Marionette	WARN	TLS certificate errors will be ignored for this session

###!!! [Child][MessageChannel] Error: (msgtype=0x59000D,name=PHttpChannel::Msg_DeletingChannel) Channel closing: too late to send/recv, messages will be lost

1592441400768	Marionette	INFO	Stopped listening on port 62370

###!!! [Child][RunMessage] Error: Channel closing: too late to send/recv, messages will be lost


###!!! [Child][MessageChannel::SendAndWait] Error: Channel error: cannot send/recv

1592441415024	mozrunner::runner	INFO	Running command: "C:\\Program Files\\Mozilla Firefox\\firefox.exe" "-marionette" "-foreground" "-no-remote" "-profile" "C:\\Users\\wey\\AppData\\Local\\Temp\\rust_mozprofileV5eWa3"
JavaScript error: resource://gre/modules/XULStore.jsm, line 66: Error: Can't find profile directory.
1592441417616	Marionette	INFO	Listening on port 62441
1592441417637	Marionette	WARN	TLS certificate errors will be ignored for this session
1592441458247	Marionette	INFO	Stopped listening on port 62441

###!!! [Child][RunMessage] Error: Channel closing: too late to send/recv, messages will be lost


###!!! [Child][RunMessage] Error: Channel closing: too late to send/recv, messages will be lost


###!!! [Child][MessageChannel::SendAndWait] Error: Channel error: cannot send/recv

1592441481756	mozrunner::runner	INFO	Running command: "C:\\Program Files\\Mozilla Firefox\\firefox.exe" "-marionette" "-foreground" "-no-remote" "-profile" "C:\\Users\\wey\\AppData\\Local\\Temp\\rust_mozprofile4Jjk23"
JavaScript error: resource://gre/modules/XULStore.jsm, line 66: Error: Can't find profile directory.
1592441484272	Marionette	INFO	Listening on port 62511
1592441484370	Marionette	WARN	TLS certificate errors will be ignored for this session
1592441525218	Marionette	INFO	Stopped listening on port 62511

###!!! [Child][RunMessage] Error: Channel closing: too late to send/recv, messages will be lost


###!!! [Child][RunMessage] Error: Channel closing: too late to send/recv, messages will be lost


###!!! [Child][MessageChannel::SendAndWait] Error: Channel error: cannot send/recv

1592441671616	mozrunner::runner	INFO	Running command: "C:\\Program Files\\Mozilla Firefox\\firefox.exe" "-marionette" "-foreground" "-no-remote" "-profile" "C:\\Users\\wey\\AppData\\Local\\Temp\\rust_mozprofilem4l0DZ"
JavaScript error: resource://gre/modules/XULStore.jsm, line 66: Error: Can't find profile directory.
1592441674269	Marionette	INFO	Listening on port 62591
1592441674728	Marionette	WARN	TLS certificate errors will be ignored for this session
1592441807821	Marionette	INFO	Stopped listening on port 62591

###!!! [Child][RunMessage] Error: Channel closing: too late to send/recv, messages will be lost


###!!! [Child][MessageChannel::SendAndWait] Error: Channel error: cannot send/recv

1592441821615	mozrunner::runner	INFO	Running command: "C:\\Program Files\\Mozilla Firefox\\firefox.exe" "-marionette" "-foreground" "-no-remote" "-profile" "C:\\Users\\wey\\AppData\\Local\\Temp\\rust_mozprofilecsmyfV"
JavaScript error: resource://gre/modules/XULStore.jsm, line 66: Error: Can't find profile directory.
1592441824317	Marionette	INFO	Listening on port 62671
1592441824730	Marionette	WARN	TLS certificate errors will be ignored for this session
1592441849503	Marionette	INFO	Stopped listening on port 62671

###!!! [Child][RunMessage] Error: Channel closing: too late to send/recv, messages will be lost


###!!! [Child][MessageChannel::SendAndWait] Error: Channel error: cannot send/recv

1592441936815	mozrunner::runner	INFO	Running command: "C:\\Program Files\\Mozilla Firefox\\firefox.exe" "-marionette" "-foreground" "-no-remote" "-profile" "C:\\Users\\wey\\AppData\\Local\\Temp\\rust_mozprofilej39O55"
JavaScript error: resource://gre/modules/XULStore.jsm, line 66: Error: Can't find profile directory.
1592441939504	Marionette	INFO	Listening on port 62747
1592441939927	Marionette	WARN	TLS certificate errors will be ignored for this session
1592441964885	Marionette	INFO	Stopped listening on port 62747

###!!! [Child][RunMessage] Error: Channel closing: too late to send/recv, messages will be lost


###!!! [Child][MessageChannel::SendAndWait] Error: Channel error: cannot send/recv

1592442052496	mozrunner::runner	INFO	Running command: "C:\\Program Files\\Mozilla Firefox\\firefox.exe" "-marionette" "-foreground" "-no-remote" "-profile" "C:\\Users\\wey\\AppData\\Local\\Temp\\rust_mozprofileIV1NWL"
JavaScript error: resource://gre/modules/XULStore.jsm, line 66: Error: Can't find profile directory.
1592442055238	Marionette	INFO	Listening on port 62830
1592442055617	Marionette	WARN	TLS certificate errors will be ignored for this session
1592442071131	Marionette	INFO	Stopped listening on port 62830

###!!! [Child][RunMessage] Error: Channel closing: too late to send/recv, messages will be lost


###!!! [Child][MessageChannel::SendAndWait] Error: Channel error: cannot send/recv

1592442204617	mozrunner::runner	INFO	Running command: "C:\\Program Files\\Mozilla Firefox\\firefox.exe" "-marionette" "-foreground" "-no-remote" "-profile" "C:\\Users\\wey\\AppData\\Local\\Temp\\rust_mozprofileA2TMT3"
JavaScript error: resource://gre/modules/XULStore.jsm, line 66: Error: Can't find profile directory.
1592442207421	Marionette	INFO	Listening on port 62914
1592442207735	Marionette	WARN	TLS certificate errors will be ignored for this session
1592442223246	Marionette	INFO	Stopped listening on port 62914

###!!! [Child][RunMessage] Error: Channel closing: too late to send/recv, messages will be lost


###!!! [Child][MessageChannel::SendAndWait] Error: Channel error: cannot send/recv

1592442342328	mozrunner::runner	INFO	Running command: "C:\\Program Files\\Mozilla Firefox\\firefox.exe" "-marionette" "-foreground" "-no-remote" "-profile" "C:\\Users\\wey\\AppData\\Local\\Temp\\rust_mozprofileue03ks"
JavaScript error: resource://gre/modules/XULStore.jsm, line 66: Error: Can't find profile directory.
1592442344950	Marionette	INFO	Listening on port 62998
1592442345443	Marionette	WARN	TLS certificate errors will be ignored for this session

###!!! [Child][RunMessage] Error: Channel closing: too late to send/recv, messages will be lost

1592443633481	Marionette	INFO	Stopped listening on port 62998

###!!! [Child][RunMessage] Error: Channel closing: too late to send/recv, messages will be lost


###!!! [Child][MessageChannel::SendAndWait] Error: Channel error: cannot send/recv

tening on port 63083
1592442437923	Marionette	WARN	TLS certificate errors will be ignored for this session
1592443633268	Marionette	INFO	Stopped listening on port 63083

###!!! [Child][RunMessage] Error: Channel closing: too late to send/recv, messages will be lost


###!!! [Child][MessageChannel::SendAndWait] Error: Channel error: cannot send/recv

odules/XULStore.jsm, line 66: Error: Can't find profile directory.
1592442593770	Marionette	INFO	Listening on port 63167
1592442593985	Marionette	WARN	TLS certificate errors will be ignored for this session
1592442609922	Marionette	INFO	Stopped listening on port 63167

###!!! [Child][RunMessage] Error: Channel closing: too late to send/recv, messages will be lost


###!!! [Child][MessageChannel::SendAndWait] Error: Channel error: cannot send/recv

1592442716599	mozrunner::runner	INFO	Running command: "C:\\Program Files\\Mozilla Firefox\\firefox.exe" "-marionette" "-foreground" "-no-remote" "-profile" "C:\\Users\\wey\\AppData\\Local\\Temp\\rust_mozprofileqKeUTp"
JavaScript error: resource://gre/modules/XULStore.jsm, line 66: Error: Can't find profile directory.
1592442719312	Marionette	INFO	Listening on port 63264
1592442719715	Marionette	WARN	TLS certificate errors will be ignored for this session
1592442740240	Marionette	INFO	Stopped listening on port 63264

###!!! [Child][RunMessage] Error: Channel closing: too late to send/recv, messages will be lost


###!!! [Child][MessageChannel::SendAndWait] Error: Channel error: cannot send/recv

1592443349993	mozrunner::runner	INFO	Running command: "C:\\Program Files\\Mozilla Firefox\\firefox.exe" "-marionette" "-foreground" "-no-remote" "-profile" "C:\\Users\\wey\\AppData\\Local\\Temp\\rust_mozprofileJIreUE"
JavaScript error: resource://gre/modules/XULStore.jsm, line 66: Error: Can't find profile directory.
1592443352748	Marionette	INFO	Listening on port 63409
1592443353106	Marionette	WARN	TLS certificate errors will be ignored for this session

###!!! [Child][MessageChannel] Error: (msgtype=0x59000D,name=PHttpChannel::Msg_DeletingChannel) Channel closing: too late to send/recv, messages will be lost

1592443633183	Marionette	INFO	Stopped listening on port 63409

###!!! [Child][RunMessage] Error: Channel closing: too late to send/recv, messages will be lost


###!!! [Child][MessageChannel::SendAndWait] Error: Channel error: cannot send/recv

icate errors will be ignored for this session
1592443486348	Marionette	INFO	Stopped listening on port 63499

###!!! [Child][RunMessage] Error: Channel closing: too late to send/recv, messages will be lost


###!!! [Child][MessageChannel::SendAndWait] Error: Channel error: cannot send/recv

1592443600109	mozrunner::runner	INFO	Running command: "C:\\Program Files\\Mozilla Firefox\\firefox.exe" "-marionette" "-foreground" "-no-remote" "-profile" "C:\\Users\\wey\\AppData\\Local\\Temp\\rust_mozprofilenmwfpR"
JavaScript error: resource://gre/modules/XULStore.jsm, line 66: Error: Can't find profile directory.
1592443602802	Marionette	INFO	Listening on port 63588
1592443603222	Marionette	WARN	TLS certificate errors will be ignored for this session
JavaScript error: chrome://marionette/content/proxy.js, line 222: TypeError: this.browser.driver.dialogObserver is null
JavaScript error: chrome://marionette/content/proxy.js, line 222: TypeError: this.browser.driver.dialogObserver is null

###!!! [Child][RunMessage] Error: Channel closing: too late to send/recv, messages will be lost


###!!! [Child][RunMessage] Error: Channel closing: too late to send/recv, messages will be lost

1592443633473	Marionette	INFO	Stopped listening on port 63588

###!!! [Child][RunMessage] Error: Channel closing: too late to send/recv, messages will be lost


###!!! [Child][MessageChannel::SendAndWait] Error: Channel error: cannot send/recv

1592443669960	mozrunner::runner	INFO	Running command: "C:\\Program Files\\Mozilla Firefox\\firefox.exe" "-marionette" "-foreground" "-no-remote" "-profile" "C:\\Users\\wey\\AppData\\Local\\Temp\\rust_mozprofile96kbI6"
JavaScript error: resource://gre/modules/XULStore.jsm, line 66: Error: Can't find profile directory.
1592443672554	Marionette	INFO	Listening on port 63669
1592443672578	Marionette	WARN	TLS certificate errors will be ignored for this session

###!!! [Parent][MessageChannel] Error: (msgtype=0x1C0011,name=PBackgroundStorage::Msg_Observe) Channel error: cannot send/recv


###!!! [Child][MessageChannel] Error: (msgtype=0x6A0029,name=PNecko::Msg_RemoveRequestContext) Channel closing: too late to send/recv, messages will be lost

1592443765077	Marionette	INFO	Stopped listening on port 63669

###!!! [Child][RunMessage] Error: Channel closing: too late to send/recv, messages will be lost


##1592448421152	Marionette	INFO	Stopped listening on port 63746

###!!! [Child][MessageChannel::SendAndWait] Error: Channel error: cannot send/recv

1592448616526	mozrunner::runner	INFO	Running command: "C:\\Program Files\\Mozilla Firefox\\firefox.exe" "-marionette" "-foreground" "-no-remote" "-profile" "C:\\Users\\wey\\AppData\\Local\\Temp\\rust_mozprofileMhI41H"
JavaScript error: resource://gre/modules/XULStore.jsm, line 66: Error: Can't find profile directory.
1592448619742	Marionette	INFO	Listening on port 64718
1592448620148	Marionette	WARN	TLS certificate errors will be ignored for this session
1592448667736	Marionette	INFO	Stopped listening on port 64718

###!!! [Child][RunMessage] Error: Channel closing: too late to send/recv, messages will be lost


###!!! [Child][MessageChannel::SendAndWait] Error: CJavaScript error: resource://gre/modules/XULStore.jsm, line 66: Error: Can't find profile directory.
1592448671389	Marionette	INFO	Listening on port 64790
1592448671507	Marionette	WARN	TLS certificate errors will be ignored for this session
[Child 13920, Chrome_ChildThread] WARNING: pipe error: 232: file /builds/worker/checkouts/gecko/ipc/chromium/src/chrome/common/ipc_channel_win.cc, line 522
1592449143311	Marionette	INFO	Stopped listening on port 64790

###!!! [Child][RunMessage] Error: Channel closing: too late to send/recv, messages will be lost


###!!! [Child][MessageChannel::SendAndWait] Error: Channel error: cannot send/recv

certificate errors will be ignored for this session
1592451065731	Marionette	INFO	Stopped listening on port 64871

###!!! [Child][RunMessage] Error: Channel closing: too late to send/recv, messages will be lost


###!!! [Child][MessageChannel::SendAndWait] Error: Channel error: cannot send/recv

odules/XULStore.jsm, line 66: Error: Can't find profile directory.
1592449313738	Marionette	INFO	Listening on port 65065
1592449313940	Marionette	WARN	TLS certificate errors will be ignored for this session
1592451462910	Marionette	INFO	Stopped listening on port 65065

###!!! [Child][RunMessage] Error: Channel closing: too late to send/recv, messages will be lost


###!!! [Child][MessageChannel::SendAndWait] Error: Channel error: cannot send/recv

1592451467487	mozrunner::runner	INFO	Running command: "C:\\Program Files\\Mozilla Firefox\\firefox.exe" "-marionette" "-foreground" "-no-remote" "-profile" "C:\\Users\\wey\\AppData\\Local\\Temp\\rust_mozprofile8vdmcu"
JavaScript error: resource://gre/modules/XULStore.jsm, line 66: Error: Can't find profile directory.
1592451470102	Marionette	INFO	Listening on port 65302
1592451470600	Marionette	WARN	TLS certificate errors will be ignored for this session
1592451662360	Marionette	INFO	Stopped listening on port 65302

###!!! [Child][RunMessage] Error: Channel closing: too late to send/recv, messages will be lost


###!!! [Child][MessageChannel::SendAndWait] Error: Channel error: cannot send/recv

1592451670036	mozrunner::runner	INFO	Running command: "C:\\Program Files\\Mozilla Firefox\\firefox.exe" "-marionette" "-foreground" "-no-remote" "-profile" "C:\\Users\\wey\\AppData\\Local\\Temp\\rust_mozprofile2mmzW6"
JavaScript error: resource://gre/modules/XULStore.jsm, line 66: Error: Can't find profile directory.
1592451672634	Marionette	INFO	Listening on port 65411
1592451672650	Marionette	WARN	TLS certificate errors will be ignored for this session
1592453370023	Marionette	INFO	Stopped listening on port 65411

###!!! [Child][RunMessage] Error: Channel closing: too late to send/recv, messages will be lost


###!!! [Child][MessageChannel::SendAndWait] Error: Channel error: cannot send/recv

odules/XULStore.jsm, line 66: Error: Can't find profile directory.
1592453105857	Marionette	INFO	Listening on port 49292
1592453106130	Marionette	WARN	TLS certificate errors will be ignored for this session

###!!! [Child][MessageChannel] Error: (msgtype=0x590011,name=PHttpChannel::Msg___delete__) Channel closing: too late to send/recv, messages will be lost


###!!! [Child][MessageChannel] Error: (msgtype=0x6A0029,name=PNecko::Msg_RemoveRequestContext) Channel closing: too late to send/recv, messages will be lost

1592453371627	Marionette	INFO	Stopped listening on port 49292

###!!! [Child][MessageChannel::SendAndWait] Error: Channel error: cannot send1592457526867	Marionette	INFO	Stopped listening on port 49387

###!!! [Child][MessageChannel::SendAndWait] Error: Channel error: cannot send/recv

e" "-profile" "C:\\Users\\wey\\AppData\\Local\\Temp\\rust_mozprofile4IiqZp"
JavaScript error: resource://gre/modules/XULStore.jsm, line 66: Error: Can't find profile directory.
1592454337825	Marionette	INFO	Listening on port 49496
1592454338223	Marionette	WARN	TLS certificate errors will be ignored for this session
1592454376773	Marionette	INFO	Stopped listening on port 49496

###!!! [Child][RunMessage] Error: Channel closing: too late to send/recv, messages will be lost


###!!! [Child][MessageChannel::SendAndWait] Error: Channel error: cannot send/recv

odules/XULStore.jsm, line 66: Error: Can't find profile directory.
1592454347880	Marionette	INFO	Listening on port 49569
1592454348219	Marionette	WARN	TLS certificate errors will be ignored for this session
1592454382836	Marionette	INFO	Stopped listening on port 49569

###!!! [Child][RunMessage] Error: Channel closing: too late to send/recv, messages will be lost


###!!! [Child][MessageChannel::SendAndWait] Error: Channel error: cannot send/recv

odules/XULStore.jsm, line 66: Error: Can't find profile directory.
1592454357703	Marionette	INFO	Listening on port 49640
1592454357800	Marionette	WARN	TLS certificate errors will be ignored for this session
1592454372724	Marionette	INFO	Stopped listening on port 49640

###!!! [Child][RunMessage] Error: Channel closing: too late to send/recv, messages will be lost


###!!! [Child][MessageChannel::SendAndWait] Error: Channel error: cannot send/recv

1592457542426	mozrunner::runner	INFO	Running command: "C:\\Program Files\\Mozilla Firefox\\firefox.exe" "-marionette" "-foreground" "-no-remote" "-profile" "C:\\Users\\wey\\AppData\\Local\\Temp\\rust_mozprofilelQuhb6"
JavaScript error: resource://gre/modules/XULStore.jsm, line 66: Error: Can't find profile directory.
1592457547776	Marionette	INFO	Listening on port 50173
1592457547838	Marionette	WARN	TLS certificate errors will be ignored for this session
1592457554695	Marionette	INFO	Stopped listening on port 50173

###!!! [Child][RunMessage] Error: Channel closing: too late to send/recv, messages will be lost


###!!! [Child][MessageChannel::SendAndWait] Error: Channel error: cannot send/recv

1592457567764	mozrunner::runner	INFO	Running command: "C:\\Program Files\\Mozilla Firefox\\firefox.exe" "-marionette" "-foreground" "-no-remote" "-profile" "C:\\Users\\wey\\AppData\\Local\\Temp\\rust_mozprofilegWWwii"
JavaScript error: resource://gre/modules/XULStore.jsm, line 66: Error: Can't find profile directory.
1592457573500	Marionette	INFO	Listening on port 50344
1592457573996	Marionette	WARN	TLS certificate errors will be ignored for this session
1592457582304	Marionette	INFO	Stopped listening on port 50344

###!!! [Child][MessageChannel::SendAndWait] Error: Channel error: cannot send/recv

1592457595589	mozrunner::runner	INFO	Running command: "C:\\Program Files\\Mozilla Firefox\\firefox.exe" "-marionette" "-foreground" "-no-remote" "-profile" "C:\\Users\\wey\\AppData\\Local\\Temp\\rust_mozprofileBbFSiI"
JavaScript error: resource://gre/modules/XULStore.jsm, line 66: Error: Can't find profile directory.
1592457601555	Marionette	INFO	Listening on port 50419
1592457601823	Marionette	WARN	TLS certificate errors will be ignored for this session
1592457608999	Marionette	INFO	Stopped listening on port 50419

###!!! [Child][RunMessage] Error: Channel closing: too late to send/recv, messages will be lost


###!!! [Child][MessageChannel::SendAndWait] Error: Channel error: cannot send/recv

1592457622094	mozrunner::runner	INFO	Running command: "C:\\Program Files\\Mozilla Firefox\\firefox.exe" "-marionette" "-foreground" "-no-remote" "-profile" "C:\\Users\\wey\\AppData\\Local\\Temp\\rust_mozprofilevrKaiT"
JavaScript error: resource://gre/modules/XULStore.jsm, line 66: Error: Can't find profile directory.
1592457626603	Marionette	INFO	Listening on port 50493
1592457626829	Marionette	WARN	TLS certificate errors will be ignored for this session
1592457650088	Marionette	INFO	Stopped listening on port 50493

###!!! [Child][RunMessage] Error: Channel closing: too late to send/recv, messages will be lost


###!!! [Child][MessageChannel::SendAndWait] Error: Channel error: cannot send/recv

1592457663013	mozrunner::runner	INFO	Running command: "C:\\Program Files\\Mozilla Firefox\\firefox.exe" "-marionette" "-foreground" "-no-remote" "-profile" "C:\\Users\\wey\\AppData\\Local\\Temp\\rust_mozprofile75snyv"
JavaScript error: resource://gre/modules/XULStore.jsm, line 66: Error: Can't find profile directory.
1592457667556	Marionette	INFO	Listening on port 50565
1592457667742	Marionette	WARN	TLS certificate errors will be ignored for this session
1592457669283	Marionette	INFO	Stopped listening on port 50565

###!!! [Child][MessageChannel::SendAndWait] Error: Channel error: cannot send/recv

1599228572572	mozrunner::runner	INFO	Running command: "C:\\Program Files\\Mozilla Firefox\\firefox.exe" "-marionette" "-foreground" "-no-remote" "-profile" "C:\\Users\\wey\\AppData\\Local\\Temp\\rust_mozprofilef6o0vT"
1599228577715	mozrunner::runner	INFO	Running command: "C:\\Program Files\\Mozilla Firefox\\firefox.exe" "-marionette" "-foreground" "-no-remote" "-profile" "C:\\Users\\wey\\AppData\\Local\\Temp\\rust_mozprofileUpRONp"
JavaScript error: resource://gre/modules/XULStore.jsm, line 66: Error: Can't find profile directory.
console.error: SearchCache: "_readCacheFile: Error reading cache file:" (new Error("", "(unknown module)"))
1599228581144	Marionette	INFO	Listening on port 60534
1599228581507	Marionette	WARN	TLS certificate errors will be ignored for this session
1599228588596	Marionette	INFO	Stopped listening on port 60534

###!!! [Child][RunMessage] Error: Channel closing: too late to send/recv, messages will be lost


###!!! [Child][MessageChannel::SendAndWait] Error: Channel error: cannot send/recv

1599228600594	mozrunner::runner	INFO	Running command: "C:\\Program Files\\Mozilla Firefox\\firefox.exe" "-marionette" "-foreground" "-no-remote" "-profile" "C:\\Users\\wey\\AppData\\Local\\Temp\\rust_mozprofileypYxBr"
JavaScript error: resource://gre/modules/XULStore.jsm, line 66: Error: Can't find profile directory.
console.error: SearchCache: "_readCacheFile: Error reading cache file:" (new Error("", "(unknown module)"))
1599228603398	Marionette	INFO	Listening on port 60631
1599228605291	Marionette	INFO	Stopped listening on port 60631

###!!! [Child][RunMessage] Error: Channel closing: too late to send/recv, messages will be lost


###!!! [Child][MessageChannel::SendAndWait] Error: Channel error: cannot send/recv

